{"C:\\Users\\USER\\tokensbackend\\src\\app.ts": {"path":"C:\\Users\\USER\\tokensbackend\\src\\app.ts","statementMap":{"0":{"start":{"line":1,"column":0},"end":{"line":1,"column":30}},"1":{"start":{"line":2,"column":0},"end":{"line":2,"column":24}},"2":{"start":{"line":3,"column":0},"end":{"line":3,"column":28}},"3":{"start":{"line":4,"column":0},"end":{"line":4,"column":43}},"4":{"start":{"line":5,"column":0},"end":{"line":5,"column":57}},"5":{"start":{"line":6,"column":0},"end":{"line":6,"column":46}},"6":{"start":{"line":7,"column":0},"end":{"line":7,"column":48}},"7":{"start":{"line":8,"column":0},"end":{"line":8,"column":48}},"8":{"start":{"line":9,"column":0},"end":{"line":9,"column":56}},"9":{"start":{"line":10,"column":0},"end":{"line":10,"column":48}},"10":{"start":{"line":12,"column":12},"end":{"line":12,"column":21}},"11":{"start":{"line":15,"column":0},"end":{"line":15,"column":18}},"12":{"start":{"line":16,"column":0},"end":{"line":16,"column":16}},"13":{"start":{"line":17,"column":0},"end":{"line":17,"column":24}},"14":{"start":{"line":20,"column":16},"end":{"line":23,"column":2}},"15":{"start":{"line":24,"column":0},"end":{"line":24,"column":17}},"16":{"start":{"line":27,"column":0},"end":{"line":27,"column":36}},"17":{"start":{"line":28,"column":0},"end":{"line":28,"column":39}},"18":{"start":{"line":29,"column":0},"end":{"line":29,"column":39}},"19":{"start":{"line":30,"column":0},"end":{"line":30,"column":46}},"20":{"start":{"line":31,"column":0},"end":{"line":31,"column":38}},"21":{"start":{"line":34,"column":0},"end":{"line":34,"column":22}},"22":{"start":{"line":36,"column":0},"end":{"line":36,"column":19}}},"fnMap":{},"branchMap":{},"s":{"0":5,"1":5,"2":5,"3":5,"4":5,"5":5,"6":5,"7":5,"8":5,"9":5,"10":5,"11":5,"12":5,"13":5,"14":5,"15":5,"16":5,"17":5,"18":5,"19":5,"20":5,"21":5,"22":5},"f":{},"b":{}}
,"C:\\Users\\USER\\tokensbackend\\src\\__tests__\\utils\\test-utils.ts": {"path":"C:\\Users\\USER\\tokensbackend\\src\\__tests__\\utils\\test-utils.ts","statementMap":{"0":{"start":{"line":1,"column":0},"end":{"line":1,"column":32}},"1":{"start":{"line":2,"column":0},"end":{"line":2,"column":31}},"2":{"start":{"line":4,"column":34},"end":{"line":10,"column":1}},"3":{"start":{"line":5,"column":17},"end":{"line":5,"column":45}},"4":{"start":{"line":6,"column":2},"end":{"line":9,"column":4}},"5":{"start":{"line":4,"column":13},"end":{"line":4,"column":34}},"6":{"start":{"line":12,"column":37},"end":{"line":14,"column":1}},"7":{"start":{"line":13,"column":2},"end":{"line":13,"column":43}},"8":{"start":{"line":12,"column":13},"end":{"line":12,"column":37}},"9":{"start":{"line":16,"column":33},"end":{"line":18,"column":1}},"10":{"start":{"line":17,"column":2},"end":{"line":17,"column":71}},"11":{"start":{"line":16,"column":13},"end":{"line":16,"column":33}}},"fnMap":{"0":{"name":"(anonymous_1)","decl":{"start":{"line":4,"column":34},"end":{"line":4,"column":37}},"loc":{"start":{"line":4,"column":39},"end":{"line":10,"column":1}}},"1":{"name":"(anonymous_2)","decl":{"start":{"line":12,"column":37},"end":{"line":12,"column":42}},"loc":{"start":{"line":12,"column":86},"end":{"line":14,"column":1}}},"2":{"name":"(anonymous_3)","decl":{"start":{"line":16,"column":33},"end":{"line":16,"column":34}},"loc":{"start":{"line":16,"column":52},"end":{"line":18,"column":1}}}},"branchMap":{"0":{"loc":{"start":{"line":17,"column":30},"end":{"line":17,"column":69}},"type":"binary-expr","locations":[{"start":{"line":17,"column":30},"end":{"line":17,"column":52}},{"start":{"line":17,"column":56},"end":{"line":17,"column":69}}]}},"s":{"0":3,"1":3,"2":3,"3":2,"4":2,"5":3,"6":3,"7":1,"8":3,"9":3,"10":2,"11":3},"f":{"0":2,"1":1,"2":2},"b":{"0":[2,1]}}
,"C:\\Users\\USER\\tokensbackend\\src\\controllers\\auth.controller.ts": {"path":"C:\\Users\\USER\\tokensbackend\\src\\controllers\\auth.controller.ts","statementMap":{"0":{"start":{"line":2,"column":0},"end":{"line":2,"column":32}},"1":{"start":{"line":3,"column":0},"end":{"line":3,"column":35}},"2":{"start":{"line":4,"column":0},"end":{"line":4,"column":45}},"3":{"start":{"line":12,"column":29},"end":{"line":52,"column":1}},"4":{"start":{"line":13,"column":2},"end":{"line":51,"column":3}},"5":{"start":{"line":14,"column":44},"end":{"line":14,"column":76}},"6":{"start":{"line":17,"column":23},"end":{"line":17,"column":63}},"7":{"start":{"line":18,"column":4},"end":{"line":21,"column":5}},"8":{"start":{"line":19,"column":6},"end":{"line":19,"column":59}},"9":{"start":{"line":20,"column":6},"end":{"line":20,"column":13}},"10":{"start":{"line":24,"column":15},"end":{"line":26,"column":6}},"11":{"start":{"line":28,"column":22},"end":{"line":28,"column":27}},"12":{"start":{"line":30,"column":4},"end":{"line":36,"column":5}},"13":{"start":{"line":31,"column":6},"end":{"line":35,"column":9}},"14":{"start":{"line":39,"column":18},"end":{"line":39,"column":40}},"15":{"start":{"line":41,"column":4},"end":{"line":47,"column":7}},"16":{"start":{"line":49,"column":4},"end":{"line":49,"column":50}},"17":{"start":{"line":50,"column":4},"end":{"line":50,"column":61}},"18":{"start":{"line":12,"column":13},"end":{"line":12,"column":29}}},"fnMap":{"0":{"name":"(anonymous_1)","decl":{"start":{"line":12,"column":29},"end":{"line":12,"column":34}},"loc":{"start":{"line":12,"column":82},"end":{"line":52,"column":1}}}},"branchMap":{"0":{"loc":{"start":{"line":18,"column":4},"end":{"line":21,"column":5}},"type":"if","locations":[{"start":{"line":18,"column":4},"end":{"line":21,"column":5}}]},"1":{"loc":{"start":{"line":30,"column":4},"end":{"line":36,"column":5}},"type":"if","locations":[{"start":{"line":30,"column":4},"end":{"line":36,"column":5}}]}},"s":{"0":5,"1":5,"2":5,"3":5,"4":2,"5":2,"6":2,"7":1,"8":0,"9":0,"10":1,"11":1,"12":1,"13":1,"14":1,"15":0,"16":2,"17":2,"18":5},"f":{"0":2},"b":{"0":[0],"1":[1]}}
,"C:\\Users\\USER\\tokensbackend\\src\\controllers\\portfolio.controller.ts": {"path":"C:\\Users\\USER\\tokensbackend\\src\\controllers\\portfolio.controller.ts","statementMap":{"0":{"start":{"line":2,"column":0},"end":{"line":2,"column":35}},"1":{"start":{"line":4,"column":28},"end":{"line":82,"column":1}},"2":{"start":{"line":5,"column":2},"end":{"line":81,"column":3}},"3":{"start":{"line":6,"column":24},"end":{"line":6,"column":34}},"4":{"start":{"line":9,"column":19},"end":{"line":14,"column":6}},"5":{"start":{"line":17,"column":25},"end":{"line":17,"column":null}},"6":{"start":{"line":27,"column":4},"end":{"line":48,"column":7}},"7":{"start":{"line":28,"column":38},"end":{"line":28,"column":43}},"8":{"start":{"line":29,"column":29},"end":{"line":37,"column":8}},"9":{"start":{"line":39,"column":26},"end":{"line":39,"column":75}},"10":{"start":{"line":40,"column":25},"end":{"line":40,"column":73}},"11":{"start":{"line":41,"column":20},"end":{"line":41,"column":64}},"12":{"start":{"line":43,"column":6},"end":{"line":47,"column":9}},"13":{"start":{"line":51,"column":26},"end":{"line":63,"column":6}},"14":{"start":{"line":65,"column":24},"end":{"line":72,"column":7}},"15":{"start":{"line":65,"column":214},"end":{"line":72,"column":7}},"16":{"start":{"line":74,"column":4},"end":{"line":77,"column":7}},"17":{"start":{"line":79,"column":4},"end":{"line":79,"column":49}},"18":{"start":{"line":80,"column":4},"end":{"line":80,"column":68}},"19":{"start":{"line":4,"column":13},"end":{"line":4,"column":28}}},"fnMap":{"0":{"name":"(anonymous_1)","decl":{"start":{"line":4,"column":28},"end":{"line":4,"column":33}},"loc":{"start":{"line":4,"column":66},"end":{"line":82,"column":1}}},"1":{"name":"(anonymous_2)","decl":{"start":{"line":27,"column":19},"end":{"line":27,"column":20}},"loc":{"start":{"line":27,"column":70},"end":{"line":48,"column":5}}},"2":{"name":"(anonymous_3)","decl":{"start":{"line":65,"column":42},"end":{"line":65,"column":43}},"loc":{"start":{"line":65,"column":213},"end":{"line":72,"column":7}}}},"branchMap":{"0":{"loc":{"start":{"line":29,"column":29},"end":{"line":37,"column":8}},"type":"binary-expr","locations":[{"start":{"line":29,"column":29},"end":{"line":29,"column":55}},{"start":{"line":29,"column":59},"end":{"line":37,"column":8}}]},"1":{"loc":{"start":{"line":32,"column":21},"end":{"line":32,"column":37}},"type":"binary-expr","locations":[{"start":{"line":32,"column":21},"end":{"line":32,"column":32}},{"start":{"line":32,"column":36},"end":{"line":32,"column":37}}]},"2":{"loc":{"start":{"line":32,"column":42},"end":{"line":32,"column":64}},"type":"binary-expr","locations":[{"start":{"line":32,"column":42},"end":{"line":32,"column":59}},{"start":{"line":32,"column":63},"end":{"line":32,"column":64}}]},"3":{"loc":{"start":{"line":39,"column":26},"end":{"line":39,"column":75}},"type":"cond-expr","locations":[{"start":{"line":39,"column":43},"end":{"line":39,"column":57}},{"start":{"line":39,"column":60},"end":{"line":39,"column":75}}]},"4":{"loc":{"start":{"line":41,"column":35},"end":{"line":41,"column":51}},"type":"binary-expr","locations":[{"start":{"line":41,"column":35},"end":{"line":41,"column":46}},{"start":{"line":41,"column":50},"end":{"line":41,"column":51}}]},"5":{"loc":{"start":{"line":71,"column":18},"end":{"line":71,"column":91}},"type":"binary-expr","locations":[{"start":{"line":71,"column":18},"end":{"line":71,"column":58}},{"start":{"line":71,"column":62},"end":{"line":71,"column":91}}]},"6":{"loc":{"start":{"line":71,"column":18},"end":{"line":71,"column":58}},"type":"cond-expr","locations":[{"start":{"line":71,"column":33},"end":{"line":71,"column":35}},{"start":{"line":71,"column":33},"end":{"line":71,"column":58}}]},"7":{"loc":{"start":{"line":71,"column":18},"end":{"line":71,"column":35}},"type":"binary-expr","locations":[{"start":{"line":71,"column":18},"end":{"line":71,"column":35}},{"start":{"line":71,"column":33},"end":{"line":71,"column":35}}]}},"s":{"0":5,"1":5,"2":1,"3":1,"4":1,"5":1,"6":1,"7":1,"8":1,"9":1,"10":1,"11":1,"12":1,"13":1,"14":1,"15":1,"16":1,"17":0,"18":0,"19":5},"f":{"0":1,"1":1,"2":1},"b":{"0":[1,1],"1":[1,0],"2":[1,0],"3":[1,0],"4":[1,0],"5":[1,1],"6":[1,0],"7":[1,1]}}
,"C:\\Users\\USER\\tokensbackend\\src\\controllers\\stats.controller.ts": {"path":"C:\\Users\\USER\\tokensbackend\\src\\controllers\\stats.controller.ts","statementMap":{"0":{"start":{"line":2,"column":0},"end":{"line":2,"column":35}},"1":{"start":{"line":4,"column":24},"end":{"line":30,"column":1}},"2":{"start":{"line":5,"column":2},"end":{"line":29,"column":3}},"3":{"start":{"line":7,"column":19},"end":{"line":7,"column":48}},"4":{"start":{"line":8,"column":24},"end":{"line":9,"column":null}},"5":{"start":{"line":9,"column":6},"end":{"line":9,"column":40}},"6":{"start":{"line":13,"column":23},"end":{"line":13,"column":48}},"7":{"start":{"line":16,"column":26},"end":{"line":16,"column":33}},"8":{"start":{"line":17,"column":31},"end":{"line":17,"column":37}},"9":{"start":{"line":19,"column":4},"end":{"line":25,"column":7}},"10":{"start":{"line":27,"column":4},"end":{"line":27,"column":45}},"11":{"start":{"line":28,"column":4},"end":{"line":28,"column":68}},"12":{"start":{"line":4,"column":13},"end":{"line":4,"column":24}}},"fnMap":{"0":{"name":"(anonymous_1)","decl":{"start":{"line":4,"column":24},"end":{"line":4,"column":29}},"loc":{"start":{"line":4,"column":62},"end":{"line":30,"column":1}}},"1":{"name":"(anonymous_2)","decl":{"start":{"line":8,"column":38},"end":{"line":8,"column":39}},"loc":{"start":{"line":9,"column":6},"end":{"line":9,"column":40}}}},"branchMap":{},"s":{"0":5,"1":5,"2":1,"3":1,"4":1,"5":1,"6":1,"7":1,"8":1,"9":1,"10":0,"11":0,"12":5},"f":{"0":1,"1":1},"b":{}}
,"C:\\Users\\USER\\tokensbackend\\src\\controllers\\token.controller.ts": {"path":"C:\\Users\\USER\\tokensbackend\\src\\controllers\\token.controller.ts","statementMap":{"0":{"start":{"line":2,"column":0},"end":{"line":2,"column":35}},"1":{"start":{"line":4,"column":27},"end":{"line":48,"column":1}},"2":{"start":{"line":5,"column":2},"end":{"line":47,"column":3}},"3":{"start":{"line":16,"column":8},"end":{"line":16,"column":16}},"4":{"start":{"line":18,"column":18},"end":{"line":31,"column":6}},"5":{"start":{"line":33,"column":4},"end":{"line":43,"column":7}},"6":{"start":{"line":45,"column":4},"end":{"line":45,"column":48}},"7":{"start":{"line":46,"column":4},"end":{"line":46,"column":84}},"8":{"start":{"line":4,"column":13},"end":{"line":4,"column":27}},"9":{"start":{"line":50,"column":28},"end":{"line":73,"column":1}},"10":{"start":{"line":51,"column":2},"end":{"line":72,"column":3}},"11":{"start":{"line":52,"column":19},"end":{"line":58,"column":6}},"12":{"start":{"line":60,"column":28},"end":{"line":66,"column":7}},"13":{"start":{"line":60,"column":170},"end":{"line":66,"column":6}},"14":{"start":{"line":68,"column":4},"end":{"line":68,"column":49}},"15":{"start":{"line":70,"column":4},"end":{"line":70,"column":50}},"16":{"start":{"line":71,"column":4},"end":{"line":71,"column":68}},"17":{"start":{"line":50,"column":13},"end":{"line":50,"column":28}},"18":{"start":{"line":75,"column":31},"end":{"line":115,"column":1}},"19":{"start":{"line":76,"column":2},"end":{"line":114,"column":3}},"20":{"start":{"line":77,"column":19},"end":{"line":77,"column":29}},"21":{"start":{"line":78,"column":18},"end":{"line":86,"column":6}},"22":{"start":{"line":88,"column":4},"end":{"line":90,"column":5}},"23":{"start":{"line":89,"column":6},"end":{"line":89,"column":64}},"24":{"start":{"line":93,"column":22},"end":{"line":95,"column":100}},"25":{"start":{"line":94,"column":61},"end":{"line":94,"column":127}},"26":{"start":{"line":95,"column":70},"end":{"line":95,"column":96}},"27":{"start":{"line":97,"column":22},"end":{"line":97,"column":53}},"28":{"start":{"line":100,"column":31},"end":{"line":100,"column":33}},"29":{"start":{"line":102,"column":4},"end":{"line":110,"column":7}},"30":{"start":{"line":112,"column":4},"end":{"line":112,"column":53}},"31":{"start":{"line":113,"column":4},"end":{"line":113,"column":68}},"32":{"start":{"line":75,"column":13},"end":{"line":75,"column":31}}},"fnMap":{"0":{"name":"(anonymous_1)","decl":{"start":{"line":4,"column":27},"end":{"line":4,"column":32}},"loc":{"start":{"line":4,"column":65},"end":{"line":48,"column":1}}},"1":{"name":"(anonymous_2)","decl":{"start":{"line":50,"column":28},"end":{"line":50,"column":33}},"loc":{"start":{"line":50,"column":66},"end":{"line":73,"column":1}}},"2":{"name":"(anonymous_3)","decl":{"start":{"line":60,"column":39},"end":{"line":60,"column":40}},"loc":{"start":{"line":60,"column":170},"end":{"line":66,"column":6}}},"3":{"name":"(anonymous_4)","decl":{"start":{"line":75,"column":31},"end":{"line":75,"column":36}},"loc":{"start":{"line":75,"column":69},"end":{"line":115,"column":1}}},"4":{"name":"(anonymous_5)","decl":{"start":{"line":94,"column":14},"end":{"line":94,"column":15}},"loc":{"start":{"line":94,"column":61},"end":{"line":94,"column":127}}},"5":{"name":"(anonymous_6)","decl":{"start":{"line":95,"column":14},"end":{"line":95,"column":15}},"loc":{"start":{"line":95,"column":70},"end":{"line":95,"column":96}}}},"branchMap":{"0":{"loc":{"start":{"line":88,"column":4},"end":{"line":90,"column":5}},"type":"if","locations":[{"start":{"line":88,"column":4},"end":{"line":90,"column":5}}]}},"s":{"0":5,"1":5,"2":0,"3":0,"4":0,"5":0,"6":0,"7":0,"8":5,"9":5,"10":1,"11":1,"12":1,"13":1,"14":1,"15":0,"16":0,"17":5,"18":5,"19":0,"20":0,"21":0,"22":0,"23":0,"24":0,"25":0,"26":0,"27":0,"28":0,"29":0,"30":0,"31":0,"32":5},"f":{"0":0,"1":1,"2":1,"3":0,"4":0,"5":0},"b":{"0":[0]}}
,"C:\\Users\\USER\\tokensbackend\\src\\controllers\\trade.controller.ts": {"path":"C:\\Users\\USER\\tokensbackend\\src\\controllers\\trade.controller.ts","statementMap":{"0":{"start":{"line":2,"column":0},"end":{"line":2,"column":35}},"1":{"start":{"line":4,"column":27},"end":{"line":43,"column":1}},"2":{"start":{"line":5,"column":2},"end":{"line":42,"column":3}},"3":{"start":{"line":6,"column":53},"end":{"line":6,"column":61}},"4":{"start":{"line":10,"column":18},"end":{"line":12,"column":6}},"5":{"start":{"line":14,"column":4},"end":{"line":19,"column":5}},"6":{"start":{"line":15,"column":6},"end":{"line":18,"column":9}},"7":{"start":{"line":21,"column":18},"end":{"line":30,"column":6}},"8":{"start":{"line":32,"column":4},"end":{"line":35,"column":7}},"9":{"start":{"line":37,"column":4},"end":{"line":37,"column":48}},"10":{"start":{"line":38,"column":4},"end":{"line":41,"column":7}},"11":{"start":{"line":4,"column":13},"end":{"line":4,"column":27}},"12":{"start":{"line":45,"column":37},"end":{"line":69,"column":1}},"13":{"start":{"line":46,"column":2},"end":{"line":68,"column":3}},"14":{"start":{"line":47,"column":25},"end":{"line":53,"column":6}},"15":{"start":{"line":55,"column":34},"end":{"line":62,"column":7}},"16":{"start":{"line":55,"column":179},"end":{"line":62,"column":6}},"17":{"start":{"line":64,"column":4},"end":{"line":64,"column":61}},"18":{"start":{"line":66,"column":4},"end":{"line":66,"column":59}},"19":{"start":{"line":67,"column":4},"end":{"line":67,"column":68}},"20":{"start":{"line":45,"column":13},"end":{"line":45,"column":37}}},"fnMap":{"0":{"name":"(anonymous_1)","decl":{"start":{"line":4,"column":27},"end":{"line":4,"column":32}},"loc":{"start":{"line":4,"column":65},"end":{"line":43,"column":1}}},"1":{"name":"(anonymous_2)","decl":{"start":{"line":45,"column":37},"end":{"line":45,"column":42}},"loc":{"start":{"line":45,"column":75},"end":{"line":69,"column":1}}},"2":{"name":"(anonymous_3)","decl":{"start":{"line":55,"column":51},"end":{"line":55,"column":52}},"loc":{"start":{"line":55,"column":179},"end":{"line":62,"column":6}}}},"branchMap":{"0":{"loc":{"start":{"line":14,"column":4},"end":{"line":19,"column":5}},"type":"if","locations":[{"start":{"line":14,"column":4},"end":{"line":19,"column":5}}]}},"s":{"0":5,"1":5,"2":1,"3":1,"4":1,"5":1,"6":0,"7":1,"8":1,"9":0,"10":0,"11":5,"12":5,"13":1,"14":1,"15":1,"16":1,"17":1,"18":0,"19":0,"20":5},"f":{"0":1,"1":1,"2":1},"b":{"0":[0]}}
,"C:\\Users\\USER\\tokensbackend\\src\\middleware\\auth.middleware.ts": {"path":"C:\\Users\\USER\\tokensbackend\\src\\middleware\\auth.middleware.ts","statementMap":{"0":{"start":{"line":2,"column":0},"end":{"line":2,"column":43}},"1":{"start":{"line":4,"column":28},"end":{"line":25,"column":1}},"2":{"start":{"line":9,"column":2},"end":{"line":24,"column":3}},"3":{"start":{"line":10,"column":23},"end":{"line":10,"column":48}},"4":{"start":{"line":11,"column":4},"end":{"line":14,"column":5}},"5":{"start":{"line":12,"column":6},"end":{"line":12,"column":59}},"6":{"start":{"line":13,"column":6},"end":{"line":13,"column":13}},"7":{"start":{"line":16,"column":18},"end":{"line":16,"column":42}},"8":{"start":{"line":17,"column":20},"end":{"line":17,"column":60}},"9":{"start":{"line":19,"column":4},"end":{"line":19,"column":38}},"10":{"start":{"line":20,"column":4},"end":{"line":20,"column":11}},"11":{"start":{"line":22,"column":4},"end":{"line":22,"column":53}},"12":{"start":{"line":23,"column":4},"end":{"line":23,"column":11}},"13":{"start":{"line":4,"column":13},"end":{"line":4,"column":28}}},"fnMap":{"0":{"name":"(anonymous_0)","decl":{"start":{"line":4,"column":28},"end":{"line":4,"column":33}},"loc":{"start":{"line":8,"column":19},"end":{"line":25,"column":1}}}},"branchMap":{"0":{"loc":{"start":{"line":11,"column":4},"end":{"line":14,"column":5}},"type":"if","locations":[{"start":{"line":11,"column":4},"end":{"line":14,"column":5}}]},"1":{"loc":{"start":{"line":11,"column":9},"end":{"line":11,"column":42}},"type":"cond-expr","locations":[{"start":{"line":11,"column":19},"end":{"line":11,"column":21}},{"start":{"line":11,"column":9},"end":{"line":11,"column":42}}]},"2":{"loc":{"start":{"line":11,"column":9},"end":{"line":11,"column":21}},"type":"binary-expr","locations":[{"start":{"line":11,"column":9},"end":{"line":11,"column":21}},{"start":{"line":11,"column":9},"end":{"line":11,"column":21}}]}},"s":{"0":5,"1":5,"2":2,"3":2,"4":2,"5":0,"6":0,"7":2,"8":2,"9":1,"10":1,"11":1,"12":1,"13":5},"f":{"0":2},"b":{"0":[0],"1":[0,2],"2":[2,2]}}
,"C:\\Users\\USER\\tokensbackend\\src\\middleware\\errorHandler.ts": {"path":"C:\\Users\\USER\\tokensbackend\\src\\middleware\\errorHandler.ts","statementMap":{"0":{"start":{"line":3,"column":28},"end":{"line":15,"column":1}},"1":{"start":{"line":9,"column":2},"end":{"line":9,"column":27}},"2":{"start":{"line":10,"column":2},"end":{"line":14,"column":5}},"3":{"start":{"line":3,"column":13},"end":{"line":3,"column":28}}},"fnMap":{"0":{"name":"(anonymous_0)","decl":{"start":{"line":3,"column":28},"end":{"line":3,"column":null}},"loc":{"start":{"line":8,"column":4},"end":{"line":15,"column":1}}}},"branchMap":{"0":{"loc":{"start":{"line":11,"column":11},"end":{"line":13,"column":19}},"type":"cond-expr","locations":[{"start":{"line":12,"column":8},"end":{"line":12,"column":31}},{"start":{"line":13,"column":8},"end":{"line":13,"column":19}}]}},"s":{"0":5,"1":0,"2":0,"3":5},"f":{"0":0},"b":{"0":[0,0]}}
,"C:\\Users\\USER\\tokensbackend\\src\\routes\\auth.routes.ts": {"path":"C:\\Users\\USER\\tokensbackend\\src\\routes\\auth.routes.ts","statementMap":{"0":{"start":{"line":1,"column":0},"end":{"line":1,"column":52}},"1":{"start":{"line":2,"column":0},"end":{"line":2,"column":63}},"2":{"start":{"line":4,"column":15},"end":{"line":4,"column":23}},"3":{"start":{"line":6,"column":0},"end":{"line":12,"column":3}},"4":{"start":{"line":7,"column":2},"end":{"line":11,"column":3}},"5":{"start":{"line":8,"column":4},"end":{"line":8,"column":34}},"6":{"start":{"line":10,"column":4},"end":{"line":10,"column":61}},"7":{"start":{"line":14,"column":0},"end":{"line":14,"column":22}}},"fnMap":{"0":{"name":"(anonymous_0)","decl":{"start":{"line":6,"column":31},"end":{"line":6,"column":36}},"loc":{"start":{"line":6,"column":84},"end":{"line":12,"column":1}}}},"branchMap":{},"s":{"0":5,"1":5,"2":5,"3":5,"4":2,"5":2,"6":0,"7":5},"f":{"0":2},"b":{}}
,"C:\\Users\\USER\\tokensbackend\\src\\routes\\portfolio.routes.ts": {"path":"C:\\Users\\USER\\tokensbackend\\src\\routes\\portfolio.routes.ts","statementMap":{"0":{"start":{"line":1,"column":0},"end":{"line":1,"column":52}},"1":{"start":{"line":2,"column":0},"end":{"line":2,"column":67}},"2":{"start":{"line":4,"column":15},"end":{"line":4,"column":23}},"3":{"start":{"line":6,"column":0},"end":{"line":12,"column":3}},"4":{"start":{"line":7,"column":2},"end":{"line":11,"column":3}},"5":{"start":{"line":8,"column":4},"end":{"line":8,"column":33}},"6":{"start":{"line":10,"column":4},"end":{"line":10,"column":61}},"7":{"start":{"line":14,"column":0},"end":{"line":14,"column":22}}},"fnMap":{"0":{"name":"(anonymous_0)","decl":{"start":{"line":6,"column":24},"end":{"line":6,"column":29}},"loc":{"start":{"line":6,"column":77},"end":{"line":12,"column":1}}}},"branchMap":{},"s":{"0":5,"1":5,"2":5,"3":5,"4":1,"5":1,"6":0,"7":5},"f":{"0":1},"b":{}}
,"C:\\Users\\USER\\tokensbackend\\src\\routes\\stats.routes.ts": {"path":"C:\\Users\\USER\\tokensbackend\\src\\routes\\stats.routes.ts","statementMap":{"0":{"start":{"line":1,"column":0},"end":{"line":1,"column":52}},"1":{"start":{"line":2,"column":0},"end":{"line":2,"column":59}},"2":{"start":{"line":4,"column":15},"end":{"line":4,"column":23}},"3":{"start":{"line":6,"column":0},"end":{"line":12,"column":3}},"4":{"start":{"line":7,"column":2},"end":{"line":11,"column":3}},"5":{"start":{"line":8,"column":4},"end":{"line":8,"column":29}},"6":{"start":{"line":10,"column":4},"end":{"line":10,"column":61}},"7":{"start":{"line":14,"column":0},"end":{"line":14,"column":22}}},"fnMap":{"0":{"name":"(anonymous_0)","decl":{"start":{"line":6,"column":16},"end":{"line":6,"column":21}},"loc":{"start":{"line":6,"column":69},"end":{"line":12,"column":1}}}},"branchMap":{},"s":{"0":5,"1":5,"2":5,"3":5,"4":1,"5":1,"6":0,"7":5},"f":{"0":1},"b":{}}
,"C:\\Users\\USER\\tokensbackend\\src\\routes\\token.routes.ts": {"path":"C:\\Users\\USER\\tokensbackend\\src\\routes\\token.routes.ts","statementMap":{"0":{"start":{"line":1,"column":0},"end":{"line":1,"column":52}},"1":{"start":{"line":2,"column":0},"end":{"line":2,"column":61}},"2":{"start":{"line":3,"column":0},"end":{"line":3,"column":93}},"3":{"start":{"line":5,"column":15},"end":{"line":5,"column":23}},"4":{"start":{"line":7,"column":0},"end":{"line":13,"column":3}},"5":{"start":{"line":8,"column":2},"end":{"line":12,"column":3}},"6":{"start":{"line":9,"column":4},"end":{"line":9,"column":32}},"7":{"start":{"line":11,"column":4},"end":{"line":11,"column":61}},"8":{"start":{"line":15,"column":0},"end":{"line":21,"column":3}},"9":{"start":{"line":16,"column":2},"end":{"line":20,"column":3}},"10":{"start":{"line":17,"column":4},"end":{"line":17,"column":33}},"11":{"start":{"line":19,"column":4},"end":{"line":19,"column":61}},"12":{"start":{"line":23,"column":0},"end":{"line":29,"column":3}},"13":{"start":{"line":24,"column":2},"end":{"line":28,"column":3}},"14":{"start":{"line":25,"column":4},"end":{"line":25,"column":36}},"15":{"start":{"line":27,"column":4},"end":{"line":27,"column":61}},"16":{"start":{"line":31,"column":0},"end":{"line":31,"column":22}}},"fnMap":{"0":{"name":"(anonymous_0)","decl":{"start":{"line":7,"column":31},"end":{"line":7,"column":36}},"loc":{"start":{"line":7,"column":84},"end":{"line":13,"column":1}}},"1":{"name":"(anonymous_1)","decl":{"start":{"line":15,"column":19},"end":{"line":15,"column":24}},"loc":{"start":{"line":15,"column":72},"end":{"line":21,"column":1}}},"2":{"name":"(anonymous_2)","decl":{"start":{"line":23,"column":19},"end":{"line":23,"column":24}},"loc":{"start":{"line":23,"column":72},"end":{"line":29,"column":1}}}},"branchMap":{},"s":{"0":5,"1":5,"2":5,"3":5,"4":5,"5":0,"6":0,"7":0,"8":5,"9":1,"10":1,"11":0,"12":5,"13":0,"14":0,"15":0,"16":5},"f":{"0":0,"1":1,"2":0},"b":{}}
,"C:\\Users\\USER\\tokensbackend\\src\\routes\\trade.routes.ts": {"path":"C:\\Users\\USER\\tokensbackend\\src\\routes\\trade.routes.ts","statementMap":{"0":{"start":{"line":1,"column":0},"end":{"line":1,"column":52}},"1":{"start":{"line":2,"column":0},"end":{"line":2,"column":61}},"2":{"start":{"line":3,"column":0},"end":{"line":3,"column":85}},"3":{"start":{"line":5,"column":15},"end":{"line":5,"column":23}},"4":{"start":{"line":7,"column":0},"end":{"line":13,"column":3}},"5":{"start":{"line":8,"column":2},"end":{"line":12,"column":3}},"6":{"start":{"line":9,"column":4},"end":{"line":9,"column":32}},"7":{"start":{"line":11,"column":4},"end":{"line":11,"column":61}},"8":{"start":{"line":15,"column":0},"end":{"line":21,"column":3}},"9":{"start":{"line":16,"column":2},"end":{"line":20,"column":3}},"10":{"start":{"line":17,"column":4},"end":{"line":17,"column":42}},"11":{"start":{"line":19,"column":4},"end":{"line":19,"column":61}},"12":{"start":{"line":23,"column":0},"end":{"line":23,"column":22}}},"fnMap":{"0":{"name":"(anonymous_0)","decl":{"start":{"line":7,"column":31},"end":{"line":7,"column":36}},"loc":{"start":{"line":7,"column":84},"end":{"line":13,"column":1}}},"1":{"name":"(anonymous_1)","decl":{"start":{"line":15,"column":22},"end":{"line":15,"column":27}},"loc":{"start":{"line":15,"column":75},"end":{"line":21,"column":1}}}},"branchMap":{},"s":{"0":5,"1":5,"2":5,"3":5,"4":5,"5":1,"6":1,"7":0,"8":5,"9":1,"10":1,"11":0,"12":5},"f":{"0":1,"1":1},"b":{}}
,"C:\\Users\\USER\\tokensbackend\\src\\utils\\jwt.ts": {"path":"C:\\Users\\USER\\tokensbackend\\src\\utils\\jwt.ts","statementMap":{"0":{"start":{"line":1,"column":0},"end":{"line":1,"column":31}},"1":{"start":{"line":3,"column":29},"end":{"line":7,"column":1}},"2":{"start":{"line":4,"column":2},"end":{"line":6,"column":5}},"3":{"start":{"line":3,"column":13},"end":{"line":3,"column":29}},"4":{"start":{"line":9,"column":27},"end":{"line":11,"column":1}},"5":{"start":{"line":10,"column":2},"end":{"line":10,"column":52}},"6":{"start":{"line":9,"column":13},"end":{"line":9,"column":27}}},"fnMap":{"0":{"name":"(anonymous_1)","decl":{"start":{"line":3,"column":29},"end":{"line":3,"column":30}},"loc":{"start":{"line":3,"column":56},"end":{"line":7,"column":1}}},"1":{"name":"(anonymous_2)","decl":{"start":{"line":9,"column":27},"end":{"line":9,"column":28}},"loc":{"start":{"line":9,"column":45},"end":{"line":11,"column":1}}}},"branchMap":{},"s":{"0":5,"1":5,"2":1,"3":5,"4":5,"5":2,"6":5},"f":{"0":1,"1":2},"b":{}}
}
