TN:
SF:src\app.ts
FNF:0
FNH:0
DA:1,5
DA:2,5
DA:3,5
DA:4,5
DA:5,5
DA:6,5
DA:7,5
DA:8,5
DA:9,5
DA:10,5
DA:12,5
DA:15,5
DA:16,5
DA:17,5
DA:20,5
DA:24,5
DA:27,5
DA:28,5
DA:29,5
DA:30,5
DA:31,5
DA:34,5
DA:36,5
LF:23
LH:23
BRF:0
BRH:0
end_of_record
TN:
SF:src\__tests__\utils\test-utils.ts
FN:4,(anonymous_1)
FN:12,(anonymous_2)
FN:16,(anonymous_3)
FNF:3
FNH:3
FNDA:2,(anonymous_1)
FNDA:1,(anonymous_2)
FNDA:2,(anonymous_3)
DA:1,3
DA:2,3
DA:4,3
DA:5,2
DA:6,2
DA:12,3
DA:13,1
DA:16,3
DA:17,2
LF:9
LH:9
BRDA:17,0,0,2
BRDA:17,0,1,1
BRF:2
BRH:2
end_of_record
TN:
SF:src\controllers\auth.controller.ts
FN:12,(anonymous_1)
FNF:1
FNH:1
FNDA:2,(anonymous_1)
DA:2,5
DA:3,5
DA:4,5
DA:12,5
DA:13,2
DA:14,2
DA:17,2
DA:18,1
DA:19,0
DA:20,0
DA:24,1
DA:28,1
DA:30,1
DA:31,1
DA:39,1
DA:41,0
DA:49,2
DA:50,2
LF:18
LH:15
BRDA:18,0,0,0
BRDA:30,1,0,1
BRF:2
BRH:1
end_of_record
TN:
SF:src\controllers\portfolio.controller.ts
FN:4,(anonymous_1)
FN:27,(anonymous_2)
FN:65,(anonymous_3)
FNF:3
FNH:3
FNDA:1,(anonymous_1)
FNDA:1,(anonymous_2)
FNDA:1,(anonymous_3)
DA:2,5
DA:4,5
DA:5,1
DA:6,1
DA:9,1
DA:17,1
DA:27,1
DA:28,1
DA:29,1
DA:39,1
DA:40,1
DA:41,1
DA:43,1
DA:51,1
DA:65,1
DA:74,1
DA:79,0
DA:80,0
LF:18
LH:16
BRDA:29,0,0,1
BRDA:29,0,1,1
BRDA:32,1,0,1
BRDA:32,1,1,0
BRDA:32,2,0,1
BRDA:32,2,1,0
BRDA:39,3,0,1
BRDA:39,3,1,0
BRDA:41,4,0,1
BRDA:41,4,1,0
BRDA:71,5,0,1
BRDA:71,5,1,1
BRDA:71,6,0,1
BRDA:71,6,1,0
BRDA:71,7,0,1
BRDA:71,7,1,1
BRF:16
BRH:11
end_of_record
TN:
SF:src\controllers\stats.controller.ts
FN:4,(anonymous_1)
FN:8,(anonymous_2)
FNF:2
FNH:2
FNDA:1,(anonymous_1)
FNDA:1,(anonymous_2)
DA:2,5
DA:4,5
DA:5,1
DA:7,1
DA:8,1
DA:9,1
DA:13,1
DA:16,1
DA:17,1
DA:19,1
DA:27,0
DA:28,0
LF:12
LH:10
BRF:0
BRH:0
end_of_record
TN:
SF:src\controllers\token.controller.ts
FN:4,(anonymous_1)
FN:50,(anonymous_2)
FN:60,(anonymous_3)
FN:75,(anonymous_4)
FN:94,(anonymous_5)
FN:95,(anonymous_6)
FNF:6
FNH:2
FNDA:0,(anonymous_1)
FNDA:1,(anonymous_2)
FNDA:1,(anonymous_3)
FNDA:0,(anonymous_4)
FNDA:0,(anonymous_5)
FNDA:0,(anonymous_6)
DA:2,5
DA:4,5
DA:5,0
DA:16,0
DA:18,0
DA:33,0
DA:45,0
DA:46,0
DA:50,5
DA:51,1
DA:52,1
DA:60,1
DA:68,1
DA:70,0
DA:71,0
DA:75,5
DA:76,0
DA:77,0
DA:78,0
DA:88,0
DA:89,0
DA:93,0
DA:94,0
DA:95,0
DA:97,0
DA:100,0
DA:102,0
DA:112,0
DA:113,0
LF:29
LH:8
BRDA:88,0,0,0
BRF:1
BRH:0
end_of_record
TN:
SF:src\controllers\trade.controller.ts
FN:4,(anonymous_1)
FN:45,(anonymous_2)
FN:55,(anonymous_3)
FNF:3
FNH:3
FNDA:1,(anonymous_1)
FNDA:1,(anonymous_2)
FNDA:1,(anonymous_3)
DA:2,5
DA:4,5
DA:5,1
DA:6,1
DA:10,1
DA:14,1
DA:15,0
DA:21,1
DA:32,1
DA:37,0
DA:38,0
DA:45,5
DA:46,1
DA:47,1
DA:55,1
DA:64,1
DA:66,0
DA:67,0
LF:18
LH:13
BRDA:14,0,0,0
BRF:1
BRH:0
end_of_record
TN:
SF:src\middleware\auth.middleware.ts
FN:4,(anonymous_0)
FNF:1
FNH:1
FNDA:2,(anonymous_0)
DA:2,5
DA:4,5
DA:9,2
DA:10,2
DA:11,2
DA:12,0
DA:13,0
DA:16,2
DA:17,2
DA:19,1
DA:20,1
DA:22,1
DA:23,1
LF:13
LH:11
BRDA:11,0,0,0
BRDA:11,1,0,0
BRDA:11,1,1,2
BRDA:11,2,0,2
BRDA:11,2,1,2
BRF:5
BRH:3
end_of_record
TN:
SF:src\middleware\errorHandler.ts
FN:3,(anonymous_0)
FNF:1
FNH:0
FNDA:0,(anonymous_0)
DA:3,5
DA:9,0
DA:10,0
LF:3
LH:1
BRDA:11,0,0,0
BRDA:11,0,1,0
BRF:2
BRH:0
end_of_record
TN:
SF:src\routes\auth.routes.ts
FN:6,(anonymous_0)
FNF:1
FNH:1
FNDA:2,(anonymous_0)
DA:1,5
DA:2,5
DA:4,5
DA:6,5
DA:7,2
DA:8,2
DA:10,0
DA:14,5
LF:8
LH:7
BRF:0
BRH:0
end_of_record
TN:
SF:src\routes\portfolio.routes.ts
FN:6,(anonymous_0)
FNF:1
FNH:1
FNDA:1,(anonymous_0)
DA:1,5
DA:2,5
DA:4,5
DA:6,5
DA:7,1
DA:8,1
DA:10,0
DA:14,5
LF:8
LH:7
BRF:0
BRH:0
end_of_record
TN:
SF:src\routes\stats.routes.ts
FN:6,(anonymous_0)
FNF:1
FNH:1
FNDA:1,(anonymous_0)
DA:1,5
DA:2,5
DA:4,5
DA:6,5
DA:7,1
DA:8,1
DA:10,0
DA:14,5
LF:8
LH:7
BRF:0
BRH:0
end_of_record
TN:
SF:src\routes\token.routes.ts
FN:7,(anonymous_0)
FN:15,(anonymous_1)
FN:23,(anonymous_2)
FNF:3
FNH:1
FNDA:0,(anonymous_0)
FNDA:1,(anonymous_1)
FNDA:0,(anonymous_2)
DA:1,5
DA:2,5
DA:3,5
DA:5,5
DA:7,5
DA:8,0
DA:9,0
DA:11,0
DA:15,5
DA:16,1
DA:17,1
DA:19,0
DA:23,5
DA:24,0
DA:25,0
DA:27,0
DA:31,5
LF:17
LH:10
BRF:0
BRH:0
end_of_record
TN:
SF:src\routes\trade.routes.ts
FN:7,(anonymous_0)
FN:15,(anonymous_1)
FNF:2
FNH:2
FNDA:1,(anonymous_0)
FNDA:1,(anonymous_1)
DA:1,5
DA:2,5
DA:3,5
DA:5,5
DA:7,5
DA:8,1
DA:9,1
DA:11,0
DA:15,5
DA:16,1
DA:17,1
DA:19,0
DA:23,5
LF:13
LH:11
BRF:0
BRH:0
end_of_record
TN:
SF:src\utils\jwt.ts
FN:3,(anonymous_1)
FN:9,(anonymous_2)
FNF:2
FNH:2
FNDA:1,(anonymous_1)
FNDA:2,(anonymous_2)
DA:1,5
DA:3,5
DA:4,1
DA:9,5
DA:10,2
LF:5
LH:5
BRF:0
BRH:0
end_of_record
